<?xml version="1.0" encoding="utf-8"?><testsuites name="pytest tests"><testsuite name="pytest" errors="0" failures="0" skipped="0" tests="12" time="7.423" timestamp="2026-08-13T21:52:19.792182+00:00" hostname="agent-env-28396f9c-4136-41f2-9257-7a1713c8afbf"><testcase classname="tests.backend_test" name="test_root" time="0.302" /><testcase classname="tests.backend_test" name="test_admin_login_bad" time="0.055" /><testcase classname="tests.backend_test" name="test_admin_login_good" time="0.050" /><testcase classname="tests.backend_test" name="test_create_quote_and_persist" time="0.102" /><testcase classname="tests.backend_test" name="test_quote_honeypot" time="0.049" /><testcase classname="tests.backend_test" name="test_create_application_and_persist" time="0.099" /><testcase classname="tests.backend_test" name="test_admin_list_requires_auth" time="0.090" /><testcase classname="tests.backend_test" name="test_admin_delete_requires_auth" time="0.093" /><testcase classname="tests.backend_test" name="test_admin_delete_with_bad_token" time="0.048" /><testcase classname="tests.backend_test" name="test_delete_quote_flow" time="0.143" /><testcase classname="tests.backend_test" name="test_admin_summary" time="0.044" /><testcase classname="tests.backend_test" name="test_formsubmit_forward_logged" time="6.047" /></testsuite></testsuites>