<?xml version="1.0" encoding="utf-8"?><testsuites name="pytest tests"><testsuite name="pytest" errors="0" failures="0" skipped="0" tests="10" time="11.201" timestamp="2026-09-10T15:23:46.917988+00:00" hostname="agent-env-28396f9c-4136-41f2-9257-7a1713c8afbf"><testcase classname="tests.test_status_and_reminders" name="test_status_endpoints_require_auth" time="0.430" /><testcase classname="tests.test_status_and_reminders" name="test_status_endpoints_bad_token" time="0.087" /><testcase classname="tests.test_status_and_reminders" name="test_quote_status_transitions_and_persist" time="0.691" /><testcase classname="tests.test_status_and_reminders" name="test_quote_status_invalid" time="0.246" /><testcase classname="tests.test_status_and_reminders" name="test_quote_status_404" time="0.161" /><testcase classname="tests.test_status_and_reminders" name="test_application_status_transitions" time="0.489" /><testcase classname="tests.test_status_and_reminders" name="test_reminders_requires_auth" time="0.088" /><testcase classname="tests.test_status_and_reminders" name="test_reminders_idempotent" time="0.176" /><testcase classname="tests.test_status_and_reminders" name="test_marking_contacted_stamps_reminded_at" time="0.351" /><testcase classname="tests.test_status_and_reminders" name="test_smtp_send_logged" time="8.080" /></testsuite></testsuites>